<?xml version="1.0" encoding="UTF-8"?>
<testng-results skipped="0" failed="0" ignored="0" total="2" passed="2">
  <reporter-output>
  </reporter-output>
  <suite name="Default suite" duration-ms="21044" started-at="2019-09-15T15:26:22Z" finished-at="2019-09-15T15:26:43Z">
    <groups>
    </groups>
    <test name="Default test" duration-ms="21044" started-at="2019-09-15T15:26:22Z" finished-at="2019-09-15T15:26:43Z">
      <class name="com.qa.hs.tests.LoginTest">
        <test-method status="PASS" signature="loginTest()[pri:0, instance:com.qa.hs.tests.LoginTest@3ffc5af1]" name="loginTest" duration-ms="7164" started-at="2019-09-15T15:26:22Z" finished-at="2019-09-15T15:26:29Z">
          <reporter-output>
          </reporter-output>
        </test-method> <!-- loginTest -->
        <test-method status="PASS" signature="signUpTest()[pri:0, instance:com.qa.hs.tests.LoginTest@3ffc5af1]" name="signUpTest" duration-ms="13810" started-at="2019-09-15T15:26:29Z" finished-at="2019-09-15T15:26:43Z">
          <reporter-output>
          </reporter-output>
        </test-method> <!-- signUpTest -->
      </class> <!-- com.qa.hs.tests.LoginTest -->
    </test> <!-- Default test -->
  </suite> <!-- Default suite -->
</testng-results>
